#
# There is insufficient memory for the Java Runtime Environment to continue.
# Native memory allocation (malloc) failed to allocate 1726752 bytes. Error detail: Chunk::new
# Possible reasons:
#   The system is out of physical RAM or swap space
#   This process is running with CompressedOops enabled, and the Java Heap may be blocking the growth of the native heap
# Possible solutions:
#   Reduce memory load on the system
#   Increase physical memory or swap space
#   Check if swap backing store is full
#   Decrease Java heap size (-Xmx/-Xms)
#   Decrease number of Java threads
#   Decrease Java thread stack sizes (-Xss)
#   Set larger code cache with -XX:ReservedCodeCacheSize=
#   JVM is running with Unscaled Compressed Oops mode in which the Java heap is
#     placed in the first 4GB address space. The Java Heap base address is the
#     maximum limit for the native heap growth. Please use -XX:HeapBaseMinAddress
#     to set the Java Heap base and to place the Java Heap above 4GB virtual address.
# This output file may be truncated or incomplete.
#
#  Out of Memory Error (arena.cpp:168), pid=16452, tid=19628
#
# JRE version: OpenJDK Runtime Environment Temurin-21.0.8+9 (21.0.8+9) (build 21.0.8+9-LTS)
# Java VM: OpenJDK 64-Bit Server VM Temurin-21.0.8+9 (21.0.8+9-LTS, mixed mode, sharing, tiered, compressed oops, compressed class ptrs, parallel gc, windows-amd64)
# No core dump will be written. Minidumps are not enabled by default on client versions of Windows
#

---------------  S U M M A R Y ------------

Command Line: --add-modules=ALL-SYSTEM --add-opens=java.base/java.util=ALL-UNNAMED --add-opens=java.base/java.lang=ALL-UNNAMED --add-opens=java.base/sun.nio.fs=ALL-UNNAMED -Declipse.application=org.eclipse.jdt.ls.core.id1 -Dosgi.bundles.defaultStartLevel=4 -Declipse.product=org.eclipse.jdt.ls.core.product -Djava.import.generatesMetadataFilesAtProjectRoot=false -DDetectVMInstallationsJob.disabled=true -Dfile.encoding=utf8 -XX:+UseParallelGC -XX:GCTimeRatio=4 -XX:AdaptiveSizePolicyWeight=90 -Dsun.zip.disableMemoryMapping=true -Xmx2G -Xms100m -Xlog:disable -javaagent:c:\Users\HP\.vscode\extensions\redhat.java-1.47.0-win32-x64\lombok\lombok-1.18.39-4050.jar -XX:+HeapDumpOnOutOfMemoryError -XX:HeapDumpPath=c:\Users\HP\AppData\Roaming\Code\User\workspaceStorage\d98c0d1450126d51082f98a542d2a82e\redhat.java -Daether.dependencyCollector.impl=bf c:\Users\HP\.vscode\extensions\redhat.java-1.47.0-win32-x64\server\plugins\org.eclipse.equinox.launcher_1.7.100.v20251014-1222.jar -configuration c:\Users\HP\AppData\Roaming\Code\User\globalStorage\redhat.java\1.47.0\config_win -data c:\Users\HP\AppData\Roaming\Code\User\workspaceStorage\d98c0d1450126d51082f98a542d2a82e\redhat.java\jdt_ws --pipe=\\.\pipe\lsp-516a0b29135e1b86087e2af5443ea0ca-sock

Host: Intel(R) Core(TM) i3-6006U CPU @ 2.00GHz, 4 cores, 3G,  Windows 10 , 64 bit Build 19041 (10.0.19041.5915)
Time: Wed Nov 12 15:45:30 2025 SE Asia Standard Time elapsed time: 28.313866 seconds (0d 0h 0m 28s)

---------------  T H R E A D  ---------------

Current thread (0x0000016e9944e450):  JavaThread "C2 CompilerThread0" daemon [_thread_in_native, id=19628, stack(0x000000647ac00000,0x000000647ad00000) (1024K)]


Current CompileTask:
C2:28314 8494       4       org.eclipse.jdt.internal.compiler.lookup.BinaryTypeBinding::createMethod (1666 bytes)

Stack: [0x000000647ac00000,0x000000647ad00000]
Native frames: (J=compiled Java code, j=interpreted, Vv=VM code, C=native code)
V  [jvm.dll+0x6d2449]
V  [jvm.dll+0x8ae341]
V  [jvm.dll+0x8b08be]
V  [jvm.dll+0x8b0fa3]
V  [jvm.dll+0x280c96]
V  [jvm.dll+0xc581d]
V  [jvm.dll+0xc5d53]
V  [jvm.dll+0x3b919c]
V  [jvm.dll+0x385315]
V  [jvm.dll+0x38477a]
V  [jvm.dll+0x248ed0]
V  [jvm.dll+0x2484af]
V  [jvm.dll+0x1c89ee]
V  [jvm.dll+0x257d4d]
V  [jvm.dll+0x2562ea]
V  [jvm.dll+0x3f2d16]
V  [jvm.dll+0x857e6b]
V  [jvm.dll+0x6d0b0d]
C  [ucrtbase.dll+0x21bb2]
C  [KERNEL32.DLL+0x17374]
C  [ntdll.dll+0x4cc91]


---------------  P R O C E S S  ---------------

Threads class SMR info:
_java_thread_list=0x0000016ef85ffbb0, length=37, elements={
0x0000016e973b5000, 0x0000016e9943c490, 0x0000016e9943fa40, 0x0000016e99443880,
0x0000016e994444d0, 0x0000016e994471e0, 0x0000016e99449dc0, 0x0000016e9944e450,
0x0000016e9947ad60, 0x0000016e995be680, 0x0000016ef1e14750, 0x0000016ef642e9c0,
0x0000016ef646fef0, 0x0000016ef632a3b0, 0x0000016ef62f36e0, 0x0000016ef6b0a7f0,
0x0000016ef67fe630, 0x0000016ef61223d0, 0x0000016ef1dbca90, 0x0000016ef6c6f9b0,
0x0000016ef6c6f320, 0x0000016ef6c70040, 0x0000016ef6c706d0, 0x0000016ef6c70d60,
0x0000016ef6c713f0, 0x0000016ef6c6df70, 0x0000016ef6c6ec90, 0x0000016ef6c6e600,
0x0000016ef91e0050, 0x0000016ef91e4880, 0x0000016ef91df330, 0x0000016ef91df9c0,
0x0000016ef91e34d0, 0x0000016ef91e27b0, 0x0000016ef91e06e0, 0x0000016ef91e1a90,
0x0000016ef91e0d70
}

Java Threads: ( => current thread )
  0x0000016e973b5000 JavaThread "main"                              [_thread_blocked, id=20232, stack(0x000000647a200000,0x000000647a300000) (1024K)]
  0x0000016e9943c490 JavaThread "Reference Handler"          daemon [_thread_blocked, id=10908, stack(0x000000647a600000,0x000000647a700000) (1024K)]
  0x0000016e9943fa40 JavaThread "Finalizer"                  daemon [_thread_blocked, id=7156, stack(0x000000647a700000,0x000000647a800000) (1024K)]
  0x0000016e99443880 JavaThread "Signal Dispatcher"          daemon [_thread_blocked, id=20144, stack(0x000000647a800000,0x000000647a900000) (1024K)]
  0x0000016e994444d0 JavaThread "Attach Listener"            daemon [_thread_blocked, id=19124, stack(0x000000647a900000,0x000000647aa00000) (1024K)]
  0x0000016e994471e0 JavaThread "Service Thread"             daemon [_thread_blocked, id=12712, stack(0x000000647aa00000,0x000000647ab00000) (1024K)]
  0x0000016e99449dc0 JavaThread "Monitor Deflation Thread"   daemon [_thread_blocked, id=12604, stack(0x000000647ab00000,0x000000647ac00000) (1024K)]
=>0x0000016e9944e450 JavaThread "C2 CompilerThread0"         daemon [_thread_in_native, id=19628, stack(0x000000647ac00000,0x000000647ad00000) (1024K)]
  0x0000016e9947ad60 JavaThread "C1 CompilerThread0"         daemon [_thread_blocked, id=19432, stack(0x000000647ad00000,0x000000647ae00000) (1024K)]
  0x0000016e995be680 JavaThread "Common-Cleaner"             daemon [_thread_blocked, id=9108, stack(0x000000647ae00000,0x000000647af00000) (1024K)]
  0x0000016ef1e14750 JavaThread "Notification Thread"        daemon [_thread_blocked, id=16748, stack(0x000000647af00000,0x000000647b000000) (1024K)]
  0x0000016ef642e9c0 JavaThread "Active Thread: Equinox Container: 7c17b5e2-9f88-4c27-a363-a0d9648347a6"        [_thread_blocked, id=16940, stack(0x000000647b300000,0x000000647b400000) (1024K)]
  0x0000016ef646fef0 JavaThread "Refresh Thread: Equinox Container: 7c17b5e2-9f88-4c27-a363-a0d9648347a6" daemon [_thread_blocked, id=4756, stack(0x000000647b400000,0x000000647b500000) (1024K)]
  0x0000016ef632a3b0 JavaThread "Framework Event Dispatcher: Equinox Container: 7c17b5e2-9f88-4c27-a363-a0d9648347a6" daemon [_thread_blocked, id=13440, stack(0x000000647b500000,0x000000647b600000) (1024K)]
  0x0000016ef62f36e0 JavaThread "Start Level: Equinox Container: 7c17b5e2-9f88-4c27-a363-a0d9648347a6" daemon [_thread_blocked, id=19960, stack(0x000000647b600000,0x000000647b700000) (1024K)]
  0x0000016ef6b0a7f0 JavaThread "Bundle File Closer"         daemon [_thread_blocked, id=18412, stack(0x000000647b700000,0x000000647b800000) (1024K)]
  0x0000016ef67fe630 JavaThread "SCR Component Actor"        daemon [_thread_blocked, id=7824, stack(0x000000647b800000,0x000000647b900000) (1024K)]
  0x0000016ef61223d0 JavaThread "Worker-JM"                         [_thread_blocked, id=19064, stack(0x000000647b900000,0x000000647ba00000) (1024K)]
  0x0000016ef1dbca90 JavaThread "JNA Cleaner"                daemon [_thread_blocked, id=19260, stack(0x000000647ba00000,0x000000647bb00000) (1024K)]
  0x0000016ef6c6f9b0 JavaThread "Worker-0"                          [_thread_blocked, id=13076, stack(0x000000647bb00000,0x000000647bc00000) (1024K)]
  0x0000016ef6c6f320 JavaThread "Worker-1"                          [_thread_blocked, id=20052, stack(0x000000647bc00000,0x000000647bd00000) (1024K)]
  0x0000016ef6c70040 JavaThread "Worker-2: Publish Diagnostics"        [_thread_blocked, id=2356, stack(0x000000647bd00000,0x000000647be00000) (1024K)]
  0x0000016ef6c706d0 JavaThread "Worker-3"                          [_thread_blocked, id=16808, stack(0x000000647be00000,0x000000647bf00000) (1024K)]
  0x0000016ef6c70d60 JavaThread "Java indexing"              daemon [_thread_blocked, id=12476, stack(0x000000647bf00000,0x000000647c000000) (1024K)]
  0x0000016ef6c713f0 JavaThread "Worker-4"                          [_thread_blocked, id=12396, stack(0x000000647c000000,0x000000647c100000) (1024K)]
  0x0000016ef6c6df70 JavaThread "Worker-5"                          [_thread_blocked, id=19400, stack(0x000000647c100000,0x000000647c200000) (1024K)]
  0x0000016ef6c6ec90 JavaThread "Thread-1"                   daemon [_thread_in_native, id=8356, stack(0x000000647c200000,0x000000647c300000) (1024K)]
  0x0000016ef6c6e600 JavaThread "Thread-2"                   daemon [_thread_in_native, id=3380, stack(0x000000647c300000,0x000000647c400000) (1024K)]
  0x0000016ef91e0050 JavaThread "Thread-3"                   daemon [_thread_in_native, id=14168, stack(0x000000647c400000,0x000000647c500000) (1024K)]
  0x0000016ef91e4880 JavaThread "Thread-4"                   daemon [_thread_in_native, id=14456, stack(0x000000647c500000,0x000000647c600000) (1024K)]
  0x0000016ef91df330 JavaThread "Thread-5"                   daemon [_thread_in_native, id=18368, stack(0x000000647c600000,0x000000647c700000) (1024K)]
  0x0000016ef91df9c0 JavaThread "pool-2-thread-1"                   [_thread_blocked, id=17940, stack(0x000000647c700000,0x000000647c800000) (1024K)]
  0x0000016ef91e34d0 JavaThread "WorkspaceEventsHandler"            [_thread_blocked, id=7724, stack(0x000000647c800000,0x000000647c900000) (1024K)]
  0x0000016ef91e27b0 JavaThread "pool-1-thread-1"                   [_thread_blocked, id=2308, stack(0x000000647c900000,0x000000647ca00000) (1024K)]
  0x0000016ef91e06e0 JavaThread "ForkJoinPool.commonPool-worker-1" daemon [_thread_blocked, id=13820, stack(0x000000647ca00000,0x000000647cb00000) (1024K)]
  0x0000016ef91e1a90 JavaThread "ForkJoinPool.commonPool-worker-2" daemon [_thread_blocked, id=14276, stack(0x000000647cb00000,0x000000647cc00000) (1024K)]
  0x0000016ef91e0d70 JavaThread "ForkJoinPool.commonPool-worker-3" daemon [_thread_blocked, id=20360, stack(0x000000647cc00000,0x000000647cd00000) (1024K)]
Total: 37

Other Threads:
  0x0000016e99612d10 VMThread "VM Thread"                           [id=2764, stack(0x000000647a500000,0x000000647a600000) (1024K)]
  0x0000016e993ebc60 WatcherThread "VM Periodic Task Thread"        [id=15024, stack(0x000000647a400000,0x000000647a500000) (1024K)]
  0x0000016e995717c0 WorkerThread "GC Thread#0"                     [id=5932, stack(0x000000647a300000,0x000000647a400000) (1024K)]
  0x0000016ef618a120 WorkerThread "GC Thread#1"                     [id=11232, stack(0x000000647b000000,0x000000647b100000) (1024K)]
  0x0000016ef1e73010 WorkerThread "GC Thread#2"                     [id=14120, stack(0x000000647b100000,0x000000647b200000) (1024K)]
  0x0000016ef618a4c0 WorkerThread "GC Thread#3"                     [id=18956, stack(0x000000647b200000,0x000000647b300000) (1024K)]
Total: 6

Threads with active compile tasks:
C2 CompilerThread0  28416 8494       4       org.eclipse.jdt.internal.compiler.lookup.BinaryTypeBinding::createMethod (1666 bytes)
Total: 1

VM state: at safepoint (normal execution)

VM Mutex/Monitor currently owned by a thread:  ([mutex/lock_event])
[0x00007ffa5ac035d8] Service_lock - owner thread: 0x0000016e994471e0
[0x00007ffa5ac05458] Threads_lock - owner thread: 0x0000016e99612d10
[0x00007ffa5ac05558] Heap_lock - owner thread: 0x0000016ef6c70040

Heap address: 0x0000000080000000, size: 2048 MB, Compressed Oops mode: 32-bit

CDS archive(s) mapped at: [0x0000016eb0000000-0x0000016eb0ba0000-0x0000016eb0ba0000), size 12189696, SharedBaseAddress: 0x0000016eb0000000, ArchiveRelocationMode: 1.
Compressed class space mapped at: 0x0000016eb1000000-0x0000016ef1000000, reserved size: 1073741824
Narrow klass base: 0x0000016eb0000000, Narrow klass shift: 0, Narrow klass range: 0x100000000

GC Precious Log:
 CardTable entry size: 512
 CPUs: 4 total, 4 available
 Memory: 3987M
 Large Page Support: Disabled
 NUMA Support: Disabled
 Compressed Oops: Enabled (32-bit)
 Alignments: Space 512K, Generation 512K, Heap 2M
 Heap Min Capacity: 100M
 Heap Initial Capacity: 100M
 Heap Max Capacity: 2G
 Pre-touch: Disabled
 Parallel Workers: 4

Heap:
 PSYoungGen      total 20992K, used 20785K [0x00000000d5580000, 0x00000000d6e80000, 0x0000000100000000)
  eden space 19456K, 100% used [0x00000000d5580000,0x00000000d6880000,0x00000000d6880000)
  from space 1536K, 86% used [0x00000000d6d00000,0x00000000d6e4c670,0x00000000d6e80000)
  to   space 2560K, 6% used [0x00000000d6980000,0x00000000d69aa480,0x00000000d6c00000)
 ParOldGen       total 68608K, used 43389K [0x0000000080000000, 0x0000000084300000, 0x00000000d5580000)
  object space 68608K, 63% used [0x0000000080000000,0x0000000082a5f4c0,0x0000000084300000)
 Metaspace       used 60678K, committed 62080K, reserved 1114112K
  class space    used 6454K, committed 7040K, reserved 1048576K

Card table byte_map: [0x0000016e98f00000,0x0000016e99310000] _byte_map_base: 0x0000016e98b00000

Marking Bits: (ParMarkBitMap*) 0x00007ffa5ac0a340
 Begin Bits: [0x0000016eaba00000, 0x0000016eada00000)
 End Bits:   [0x0000016eada00000, 0x0000016eafa00000)

Polling page: 0x0000016e97300000

Metaspace:

Usage:
  Non-class:     52.95 MB used.
      Class:      6.30 MB used.
       Both:     59.26 MB used.

Virtual space:
  Non-class space:       64.00 MB reserved,      53.75 MB ( 84%) committed,  1 nodes.
      Class space:        1.00 GB reserved,       6.88 MB ( <1%) committed,  1 nodes.
             Both:        1.06 GB reserved,      60.62 MB (  6%) committed. 

Chunk freelists:
   Non-Class:  10.11 MB
       Class:  9.09 MB
        Both:  19.20 MB

MaxMetaspaceSize: unlimited
CompressedClassSpaceSize: 1.00 GB
Initial GC threshold: 21.00 MB
Current GC threshold: 97.31 MB
CDS: on
 - commit_granule_bytes: 65536.
 - commit_granule_words: 8192.
 - virtual_space_node_default_size: 8388608.
 - enlarge_chunks_in_place: 1.
 - use_allocation_guard: 0.


Internal statistics:

num_allocs_failed_limit: 11.
num_arena_births: 996.
num_arena_deaths: 28.
num_vsnodes_births: 2.
num_vsnodes_deaths: 0.
num_space_committed: 970.
num_space_uncommitted: 0.
num_chunks_returned_to_freelist: 43.
num_chunks_taken_from_freelist: 3854.
num_chunk_merges: 17.
num_chunk_splits: 2379.
num_chunks_enlarged: 1334.
num_inconsistent_stats: 0.

CodeHeap 'non-profiled nmethods': size=120000Kb used=3417Kb max_used=3417Kb free=116582Kb
 bounds [0x0000016ea4220000, 0x0000016ea4580000, 0x0000016eab750000]
CodeHeap 'profiled nmethods': size=120000Kb used=16974Kb max_used=16974Kb free=103025Kb
 bounds [0x0000016e9c750000, 0x0000016e9d7f0000, 0x0000016ea3c80000]
CodeHeap 'non-nmethods': size=5760Kb used=1424Kb max_used=1505Kb free=4335Kb
 bounds [0x0000016ea3c80000, 0x0000016ea3ef0000, 0x0000016ea4220000]
CodeCache: size=245760Kb, used=21815Kb, max_used=21896Kb, free=223942Kb
 total_blobs=8683, nmethods=7943, adapters=646, full_count=0
Compilation: enabled, stopped_count=0, restarted_count=0

Compilation events (20 events):
Event: 28.169 Thread 0x0000016e9947ad60 8593       2       java.util.stream.AbstractPipeline::sourceStageSpliterator (112 bytes)
Event: 28.171 Thread 0x0000016e9947ad60 nmethod 8593 0x0000016e9d7db090 code [0x0000016e9d7db2a0, 0x0000016e9d7db728]
Event: 28.172 Thread 0x0000016e9947ad60 8588       1       org.eclipse.jdt.internal.core.ImportContainer::getElementType (3 bytes)
Event: 28.173 Thread 0x0000016e9947ad60 nmethod 8588 0x0000016ea4575d90 code [0x0000016ea4575f20, 0x0000016ea4575fe8]
Event: 28.173 Thread 0x0000016e9947ad60 8587       1       org.eclipse.jdt.internal.core.PackageFragmentRoot::isExternal (2 bytes)
Event: 28.173 Thread 0x0000016e9947ad60 nmethod 8587 0x0000016ea4576090 code [0x0000016ea4576220, 0x0000016ea45762e8]
Event: 28.192 Thread 0x0000016e9947ad60 8595       2       jdk.internal.misc.VM::isDirectMemoryPageAligned (4 bytes)
Event: 28.237 Thread 0x0000016e9947ad60 nmethod 8595 0x0000016e9cb27010 code [0x0000016e9cb271a0, 0x0000016e9cb27298]
Event: 28.238 Thread 0x0000016e9947ad60 8596       2       java.nio.Bits::pageSize (20 bytes)
Event: 28.242 Thread 0x0000016e9947ad60 nmethod 8596 0x0000016e9d7db910 code [0x0000016e9d7dbaa0, 0x0000016e9d7dbbc0]
Event: 28.242 Thread 0x0000016e9947ad60 8598       2       org.eclipse.jdt.internal.compiler.classfmt.InnerClassInfo::getSourceName (60 bytes)
Event: 28.244 Thread 0x0000016e9947ad60 nmethod 8598 0x0000016e9d7dbc90 code [0x0000016e9d7dbe60, 0x0000016e9d7dc108]
Event: 28.246 Thread 0x0000016e9947ad60 8599       1       org.eclipse.jdt.internal.compiler.ast.QualifiedNameReference::setFieldIndex (6 bytes)
Event: 28.247 Thread 0x0000016e9947ad60 nmethod 8599 0x0000016ea4576390 code [0x0000016ea4576520, 0x0000016ea45765e8]
Event: 28.251 Thread 0x0000016e9947ad60 8600       3       org.eclipse.jdt.internal.compiler.lookup.LookupEnvironment::computePackageFrom (584 bytes)
Event: 28.258 Thread 0x0000016e9947ad60 nmethod 8600 0x0000016e9d7dc310 code [0x0000016e9d7dc840, 0x0000016e9d7dfa38]
Event: 28.258 Thread 0x0000016e9947ad60 8602       2       org.eclipse.jdt.internal.compiler.lookup.TypeIds::getCategory (18 bytes)
Event: 28.258 Thread 0x0000016e9947ad60 nmethod 8602 0x0000016e9d7e0a10 code [0x0000016e9d7e0ba0, 0x0000016e9d7e0cc8]
Event: 28.259 Thread 0x0000016e9947ad60 8601       2       org.eclipse.jdt.internal.compiler.flow.FlowContext::recordAbruptExit (40 bytes)
Event: 28.259 Thread 0x0000016e9947ad60 nmethod 8601 0x0000016e9d7e0d90 code [0x0000016e9d7e0f40, 0x0000016e9d7e10d8]

GC Heap History (20 events):
Event: 18.803 GC heap before
{Heap before GC invocations=28 (full 2):
 PSYoungGen      total 23040K, used 22927K [0x00000000d5580000, 0x00000000d6f80000, 0x0000000100000000)
  eden space 19456K, 100% used [0x00000000d5580000,0x00000000d6880000,0x00000000d6880000)
  from space 3584K, 96% used [0x00000000d6880000,0x00000000d6be3df0,0x00000000d6c00000)
  to   space 3584K, 0% used [0x00000000d6c00000,0x00000000d6c00000,0x00000000d6f80000)
 ParOldGen       total 68608K, used 36144K [0x0000000080000000, 0x0000000084300000, 0x00000000d5580000)
  object space 68608K, 52% used [0x0000000080000000,0x000000008234c2c0,0x0000000084300000)
 Metaspace       used 49681K, committed 50880K, reserved 1114112K
  class space    used 5410K, committed 5888K, reserved 1048576K
}
Event: 18.810 GC heap after
{Heap after GC invocations=28 (full 2):
 PSYoungGen      total 20992K, used 1076K [0x00000000d5580000, 0x00000000d6d80000, 0x0000000100000000)
  eden space 19456K, 0% used [0x00000000d5580000,0x00000000d5580000,0x00000000d6880000)
  from space 1536K, 70% used [0x00000000d6c00000,0x00000000d6d0d3c8,0x00000000d6d80000)
  to   space 2048K, 0% used [0x00000000d6980000,0x00000000d6980000,0x00000000d6b80000)
 ParOldGen       total 68608K, used 39486K [0x0000000080000000, 0x0000000084300000, 0x00000000d5580000)
  object space 68608K, 57% used [0x0000000080000000,0x000000008268f818,0x0000000084300000)
 Metaspace       used 49681K, committed 50880K, reserved 1114112K
  class space    used 5410K, committed 5888K, reserved 1048576K
}
Event: 19.506 GC heap before
{Heap before GC invocations=29 (full 2):
 PSYoungGen      total 20992K, used 20532K [0x00000000d5580000, 0x00000000d6d80000, 0x0000000100000000)
  eden space 19456K, 100% used [0x00000000d5580000,0x00000000d6880000,0x00000000d6880000)
  from space 1536K, 70% used [0x00000000d6c00000,0x00000000d6d0d3c8,0x00000000d6d80000)
  to   space 2048K, 0% used [0x00000000d6980000,0x00000000d6980000,0x00000000d6b80000)
 ParOldGen       total 68608K, used 39486K [0x0000000080000000, 0x0000000084300000, 0x00000000d5580000)
  object space 68608K, 57% used [0x0000000080000000,0x000000008268f818,0x0000000084300000)
 Metaspace       used 50634K, committed 51840K, reserved 1114112K
  class space    used 5513K, committed 6016K, reserved 1048576K
}
Event: 19.509 GC heap after
{Heap after GC invocations=29 (full 2):
 PSYoungGen      total 21504K, used 454K [0x00000000d5580000, 0x00000000d6c80000, 0x0000000100000000)
  eden space 19456K, 0% used [0x00000000d5580000,0x00000000d5580000,0x00000000d6880000)
  from space 2048K, 22% used [0x00000000d6980000,0x00000000d69f1a58,0x00000000d6b80000)
  to   space 1024K, 0% used [0x00000000d6b80000,0x00000000d6b80000,0x00000000d6c80000)
 ParOldGen       total 68608K, used 40479K [0x0000000080000000, 0x0000000084300000, 0x00000000d5580000)
  object space 68608K, 59% used [0x0000000080000000,0x0000000082787fc8,0x0000000084300000)
 Metaspace       used 50634K, committed 51840K, reserved 1114112K
  class space    used 5513K, committed 6016K, reserved 1048576K
}
Event: 19.751 GC heap before
{Heap before GC invocations=30 (full 2):
 PSYoungGen      total 21504K, used 19910K [0x00000000d5580000, 0x00000000d6c80000, 0x0000000100000000)
  eden space 19456K, 100% used [0x00000000d5580000,0x00000000d6880000,0x00000000d6880000)
  from space 2048K, 22% used [0x00000000d6980000,0x00000000d69f1a58,0x00000000d6b80000)
  to   space 1024K, 0% used [0x00000000d6b80000,0x00000000d6b80000,0x00000000d6c80000)
 ParOldGen       total 68608K, used 40479K [0x0000000080000000, 0x0000000084300000, 0x00000000d5580000)
  object space 68608K, 59% used [0x0000000080000000,0x0000000082787fc8,0x0000000084300000)
 Metaspace       used 51349K, committed 52544K, reserved 1114112K
  class space    used 5580K, committed 6080K, reserved 1048576K
}
Event: 19.755 GC heap after
{Heap after GC invocations=30 (full 2):
 PSYoungGen      total 20480K, used 1014K [0x00000000d5580000, 0x00000000d6d80000, 0x0000000100000000)
  eden space 19456K, 0% used [0x00000000d5580000,0x00000000d5580000,0x00000000d6880000)
  from space 1024K, 99% used [0x00000000d6b80000,0x00000000d6c7db00,0x00000000d6c80000)
  to   space 2560K, 0% used [0x00000000d6880000,0x00000000d6880000,0x00000000d6b00000)
 ParOldGen       total 68608K, used 41341K [0x0000000080000000, 0x0000000084300000, 0x00000000d5580000)
  object space 68608K, 60% used [0x0000000080000000,0x000000008285f460,0x0000000084300000)
 Metaspace       used 51349K, committed 52544K, reserved 1114112K
  class space    used 5580K, committed 6080K, reserved 1048576K
}
Event: 19.847 GC heap before
{Heap before GC invocations=31 (full 2):
 PSYoungGen      total 20480K, used 20470K [0x00000000d5580000, 0x00000000d6d80000, 0x0000000100000000)
  eden space 19456K, 100% used [0x00000000d5580000,0x00000000d6880000,0x00000000d6880000)
  from space 1024K, 99% used [0x00000000d6b80000,0x00000000d6c7db00,0x00000000d6c80000)
  to   space 2560K, 0% used [0x00000000d6880000,0x00000000d6880000,0x00000000d6b00000)
 ParOldGen       total 68608K, used 41341K [0x0000000080000000, 0x0000000084300000, 0x00000000d5580000)
  object space 68608K, 60% used [0x0000000080000000,0x000000008285f460,0x0000000084300000)
 Metaspace       used 51366K, committed 52608K, reserved 1114112K
  class space    used 5580K, committed 6080K, reserved 1048576K
}
Event: 19.850 GC heap after
{Heap after GC invocations=31 (full 2):
 PSYoungGen      total 20480K, used 959K [0x00000000d5580000, 0x00000000d6c00000, 0x0000000100000000)
  eden space 19456K, 0% used [0x00000000d5580000,0x00000000d5580000,0x00000000d6880000)
  from space 1024K, 93% used [0x00000000d6880000,0x00000000d696fe68,0x00000000d6980000)
  to   space 1536K, 0% used [0x00000000d6a80000,0x00000000d6a80000,0x00000000d6c00000)
 ParOldGen       total 68608K, used 41890K [0x0000000080000000, 0x0000000084300000, 0x00000000d5580000)
  object space 68608K, 61% used [0x0000000080000000,0x00000000828e8b50,0x0000000084300000)
 Metaspace       used 51366K, committed 52608K, reserved 1114112K
  class space    used 5580K, committed 6080K, reserved 1048576K
}
Event: 20.322 GC heap before
{Heap before GC invocations=32 (full 2):
 PSYoungGen      total 20480K, used 20352K [0x00000000d5580000, 0x00000000d6c00000, 0x0000000100000000)
  eden space 19456K, 99% used [0x00000000d5580000,0x00000000d6870540,0x00000000d6880000)
  from space 1024K, 93% used [0x00000000d6880000,0x00000000d696fe68,0x00000000d6980000)
  to   space 1536K, 0% used [0x00000000d6a80000,0x00000000d6a80000,0x00000000d6c00000)
 ParOldGen       total 68608K, used 41890K [0x0000000080000000, 0x0000000084300000, 0x00000000d5580000)
  object space 68608K, 61% used [0x0000000080000000,0x00000000828e8b50,0x0000000084300000)
 Metaspace       used 53591K, committed 54848K, reserved 1114112K
  class space    used 5787K, committed 6336K, reserved 1048576K
}
Event: 20.326 GC heap after
{Heap after GC invocations=32 (full 2):
 PSYoungGen      total 20480K, used 696K [0x00000000d5580000, 0x00000000d6b80000, 0x0000000100000000)
  eden space 19456K, 0% used [0x00000000d5580000,0x00000000d5580000,0x00000000d6880000)
  from space 1024K, 68% used [0x00000000d6a80000,0x00000000d6b2e1e8,0x00000000d6b80000)
  to   space 1024K, 0% used [0x00000000d6880000,0x00000000d6880000,0x00000000d6980000)
 ParOldGen       total 68608K, used 41898K [0x0000000080000000, 0x0000000084300000, 0x00000000d5580000)
  object space 68608K, 61% used [0x0000000080000000,0x00000000828eab50,0x0000000084300000)
 Metaspace       used 53591K, committed 54848K, reserved 1114112K
  class space    used 5787K, committed 6336K, reserved 1048576K
}
Event: 21.719 GC heap before
{Heap before GC invocations=33 (full 2):
 PSYoungGen      total 20480K, used 20103K [0x00000000d5580000, 0x00000000d6b80000, 0x0000000100000000)
  eden space 19456K, 99% used [0x00000000d5580000,0x00000000d6873c68,0x00000000d6880000)
  from space 1024K, 68% used [0x00000000d6a80000,0x00000000d6b2e1e8,0x00000000d6b80000)
  to   space 1024K, 0% used [0x00000000d6880000,0x00000000d6880000,0x00000000d6980000)
 ParOldGen       total 68608K, used 41898K [0x0000000080000000, 0x0000000084300000, 0x00000000d5580000)
  object space 68608K, 61% used [0x0000000080000000,0x00000000828eab50,0x0000000084300000)
 Metaspace       used 55976K, committed 57344K, reserved 1114112K
  class space    used 6052K, committed 6656K, reserved 1048576K
}
Event: 21.728 GC heap after
{Heap after GC invocations=33 (full 2):
 PSYoungGen      total 20480K, used 992K [0x00000000d5580000, 0x00000000d6c80000, 0x0000000100000000)
  eden space 19456K, 0% used [0x00000000d5580000,0x00000000d5580000,0x00000000d6880000)
  from space 1024K, 96% used [0x00000000d6880000,0x00000000d6978030,0x00000000d6980000)
  to   space 2048K, 0% used [0x00000000d6a80000,0x00000000d6a80000,0x00000000d6c80000)
 ParOldGen       total 68608K, used 42392K [0x0000000080000000, 0x0000000084300000, 0x00000000d5580000)
  object space 68608K, 61% used [0x0000000080000000,0x0000000082966078,0x0000000084300000)
 Metaspace       used 55976K, committed 57344K, reserved 1114112K
  class space    used 6052K, committed 6656K, reserved 1048576K
}
Event: 24.044 GC heap before
{Heap before GC invocations=34 (full 2):
 PSYoungGen      total 20480K, used 20448K [0x00000000d5580000, 0x00000000d6c80000, 0x0000000100000000)
  eden space 19456K, 100% used [0x00000000d5580000,0x00000000d6880000,0x00000000d6880000)
  from space 1024K, 96% used [0x00000000d6880000,0x00000000d6978030,0x00000000d6980000)
  to   space 2048K, 0% used [0x00000000d6a80000,0x00000000d6a80000,0x00000000d6c80000)
 ParOldGen       total 68608K, used 42392K [0x0000000080000000, 0x0000000084300000, 0x00000000d5580000)
  object space 68608K, 61% used [0x0000000080000000,0x0000000082966078,0x0000000084300000)
 Metaspace       used 57809K, committed 59200K, reserved 1114112K
  class space    used 6236K, committed 6848K, reserved 1048576K
}
Event: 24.117 GC heap after
{Heap after GC invocations=34 (full 2):
 PSYoungGen      total 21504K, used 1831K [0x00000000d5580000, 0x00000000d6c80000, 0x0000000100000000)
  eden space 19456K, 0% used [0x00000000d5580000,0x00000000d5580000,0x00000000d6880000)
  from space 2048K, 89% used [0x00000000d6a80000,0x00000000d6c49e60,0x00000000d6c80000)
  to   space 2048K, 0% used [0x00000000d6880000,0x00000000d6880000,0x00000000d6a80000)
 ParOldGen       total 68608K, used 43026K [0x0000000080000000, 0x0000000084300000, 0x00000000d5580000)
  object space 68608K, 62% used [0x0000000080000000,0x0000000082a04b48,0x0000000084300000)
 Metaspace       used 57809K, committed 59200K, reserved 1114112K
  class space    used 6236K, committed 6848K, reserved 1048576K
}
Event: 25.748 GC heap before
{Heap before GC invocations=35 (full 2):
 PSYoungGen      total 21504K, used 18106K [0x00000000d5580000, 0x00000000d6c80000, 0x0000000100000000)
  eden space 19456K, 83% used [0x00000000d5580000,0x00000000d6564a08,0x00000000d6880000)
  from space 2048K, 89% used [0x00000000d6a80000,0x00000000d6c49e60,0x00000000d6c80000)
  to   space 2048K, 0% used [0x00000000d6880000,0x00000000d6880000,0x00000000d6a80000)
 ParOldGen       total 68608K, used 43026K [0x0000000080000000, 0x0000000084300000, 0x00000000d5580000)
  object space 68608K, 62% used [0x0000000080000000,0x0000000082a04b48,0x0000000084300000)
 Metaspace       used 58442K, committed 59776K, reserved 1114112K
  class space    used 6270K, committed 6848K, reserved 1048576K
}
Event: 25.773 GC heap after
{Heap after GC invocations=35 (full 2):
 PSYoungGen      total 21504K, used 2032K [0x00000000d5580000, 0x00000000d7180000, 0x0000000100000000)
  eden space 19456K, 0% used [0x00000000d5580000,0x00000000d5580000,0x00000000d6880000)
  from space 2048K, 99% used [0x00000000d6880000,0x00000000d6a7c3d0,0x00000000d6a80000)
  to   space 4608K, 0% used [0x00000000d6d00000,0x00000000d6d00000,0x00000000d7180000)
 ParOldGen       total 68608K, used 44842K [0x0000000080000000, 0x0000000084300000, 0x00000000d5580000)
  object space 68608K, 65% used [0x0000000080000000,0x0000000082bcab68,0x0000000084300000)
 Metaspace       used 58442K, committed 59776K, reserved 1114112K
  class space    used 6270K, committed 6848K, reserved 1048576K
}
Event: 25.773 GC heap before
{Heap before GC invocations=36 (full 3):
 PSYoungGen      total 21504K, used 2032K [0x00000000d5580000, 0x00000000d7180000, 0x0000000100000000)
  eden space 19456K, 0% used [0x00000000d5580000,0x00000000d5580000,0x00000000d6880000)
  from space 2048K, 99% used [0x00000000d6880000,0x00000000d6a7c3d0,0x00000000d6a80000)
  to   space 4608K, 0% used [0x00000000d6d00000,0x00000000d6d00000,0x00000000d7180000)
 ParOldGen       total 68608K, used 44842K [0x0000000080000000, 0x0000000084300000, 0x00000000d5580000)
  object space 68608K, 65% used [0x0000000080000000,0x0000000082bcab68,0x0000000084300000)
 Metaspace       used 58442K, committed 59776K, reserved 1114112K
  class space    used 6270K, committed 6848K, reserved 1048576K
}
Event: 26.254 GC heap after
{Heap after GC invocations=36 (full 3):
 PSYoungGen      total 21504K, used 0K [0x00000000d5580000, 0x00000000d7180000, 0x0000000100000000)
  eden space 19456K, 0% used [0x00000000d5580000,0x00000000d5580000,0x00000000d6880000)
  from space 2048K, 0% used [0x00000000d6880000,0x00000000d6880000,0x00000000d6a80000)
  to   space 4608K, 0% used [0x00000000d6d00000,0x00000000d6d00000,0x00000000d7180000)
 ParOldGen       total 68608K, used 42515K [0x0000000080000000, 0x0000000084300000, 0x00000000d5580000)
  object space 68608K, 61% used [0x0000000080000000,0x0000000082984e70,0x0000000084300000)
 Metaspace       used 58435K, committed 59776K, reserved 1114112K
  class space    used 6268K, committed 6848K, reserved 1048576K
}
Event: 27.423 GC heap before
{Heap before GC invocations=37 (full 3):
 PSYoungGen      total 21504K, used 19456K [0x00000000d5580000, 0x00000000d7180000, 0x0000000100000000)
  eden space 19456K, 100% used [0x00000000d5580000,0x00000000d6880000,0x00000000d6880000)
  from space 2048K, 0% used [0x00000000d6880000,0x00000000d6880000,0x00000000d6a80000)
  to   space 4608K, 0% used [0x00000000d6d00000,0x00000000d6d00000,0x00000000d7180000)
 ParOldGen       total 68608K, used 42515K [0x0000000080000000, 0x0000000084300000, 0x00000000d5580000)
  object space 68608K, 61% used [0x0000000080000000,0x0000000082984e70,0x0000000084300000)
 Metaspace       used 59650K, committed 61056K, reserved 1114112K
  class space    used 6374K, committed 6976K, reserved 1048576K
}
Event: 27.443 GC heap after
{Heap after GC invocations=37 (full 3):
 PSYoungGen      total 20992K, used 1329K [0x00000000d5580000, 0x00000000d6e80000, 0x0000000100000000)
  eden space 19456K, 0% used [0x00000000d5580000,0x00000000d5580000,0x00000000d6880000)
  from space 1536K, 86% used [0x00000000d6d00000,0x00000000d6e4c670,0x00000000d6e80000)
  to   space 2560K, 0% used [0x00000000d6980000,0x00000000d6980000,0x00000000d6c00000)
 ParOldGen       total 68608K, used 42523K [0x0000000080000000, 0x0000000084300000, 0x00000000d5580000)
  object space 68608K, 61% used [0x0000000080000000,0x0000000082986e70,0x0000000084300000)
 Metaspace       used 59650K, committed 61056K, reserved 1114112K
  class space    used 6374K, committed 6976K, reserved 1048576K
}

Dll operation events (10 events):
Event: 0.030 Loaded shared library c:\Users\HP\.vscode\extensions\redhat.java-1.47.0-win32-x64\jre\21.0.8-win32-x86_64\bin\java.dll
Event: 0.205 Loaded shared library c:\Users\HP\.vscode\extensions\redhat.java-1.47.0-win32-x64\jre\21.0.8-win32-x86_64\bin\zip.dll
Event: 0.339 Loaded shared library C:\Users\HP\.vscode\extensions\redhat.java-1.47.0-win32-x64\jre\21.0.8-win32-x86_64\bin\instrument.dll
Event: 0.348 Loaded shared library C:\Users\HP\.vscode\extensions\redhat.java-1.47.0-win32-x64\jre\21.0.8-win32-x86_64\bin\net.dll
Event: 0.354 Loaded shared library C:\Users\HP\.vscode\extensions\redhat.java-1.47.0-win32-x64\jre\21.0.8-win32-x86_64\bin\nio.dll
Event: 0.359 Loaded shared library C:\Users\HP\.vscode\extensions\redhat.java-1.47.0-win32-x64\jre\21.0.8-win32-x86_64\bin\zip.dll
Event: 0.398 Loaded shared library C:\Users\HP\.vscode\extensions\redhat.java-1.47.0-win32-x64\jre\21.0.8-win32-x86_64\bin\jimage.dll
Event: 0.576 Loaded shared library c:\Users\HP\.vscode\extensions\redhat.java-1.47.0-win32-x64\jre\21.0.8-win32-x86_64\bin\verify.dll
Event: 5.439 Loaded shared library C:\Users\HP\AppData\Roaming\Code\User\globalStorage\redhat.java\1.47.0\config_win\org.eclipse.equinox.launcher\org.eclipse.equinox.launcher.win32.win32.x86_64_1.2.1400.v20250801-0854\eclipse_11916.dll
Event: 9.468 Loaded shared library C:\Users\HP\AppData\Local\Temp\jna-2312\jna626217304573484818.dll

Deoptimization events (20 events):
Event: 27.340 Thread 0x0000016ef91e06e0 DEOPT PACKING pc=0x0000016ea4352cc0 sp=0x000000647cafe760
Event: 27.341 Thread 0x0000016ef91e06e0 DEOPT UNPACKING pc=0x0000016ea3cd3aa2 sp=0x000000647cafe618 mode 2
Event: 27.371 Thread 0x0000016ef91e0d70 Uncommon trap: trap_request=0xffffff45 fr.pc=0x0000016ea4566bc4 relative=0x00000000000006e4
Event: 27.371 Thread 0x0000016ef91e0d70 Uncommon trap: reason=unstable_if action=reinterpret pc=0x0000016ea4566bc4 method=org.eclipse.jdt.internal.compiler.parser.Scanner.getNextToken0()Lorg/eclipse/jdt/internal/compiler/parser/TerminalToken; @ 789 c2
Event: 27.371 Thread 0x0000016ef91e0d70 DEOPT PACKING pc=0x0000016ea4566bc4 sp=0x000000647ccfd930
Event: 27.371 Thread 0x0000016ef91e0d70 DEOPT UNPACKING pc=0x0000016ea3cd3aa2 sp=0x000000647ccfd878 mode 2
Event: 27.421 Thread 0x0000016ef91e0d70 Uncommon trap: trap_request=0xffffff6e fr.pc=0x0000016ea43367c0 relative=0x00000000000001a0
Event: 27.421 Thread 0x0000016ef91e0d70 Uncommon trap: reason=loop_limit_check action=maybe_recompile pc=0x0000016ea43367c0 method=java.lang.StringLatin1.lastIndexOf([BII)I @ 19 c2
Event: 27.421 Thread 0x0000016ef91e0d70 DEOPT PACKING pc=0x0000016ea43367c0 sp=0x000000647ccfe650
Event: 27.421 Thread 0x0000016ef91e0d70 DEOPT UNPACKING pc=0x0000016ea3cd3aa2 sp=0x000000647ccfe578 mode 2
Event: 27.556 Thread 0x0000016ef91e0d70 DEOPT PACKING pc=0x0000016e9c789b20 sp=0x000000647ccfe2c0
Event: 27.556 Thread 0x0000016ef91e0d70 DEOPT UNPACKING pc=0x0000016ea3cd4242 sp=0x000000647ccfd7c8 mode 3
Event: 27.556 Thread 0x0000016ef91e0d70 Uncommon trap: trap_request=0xffffff45 fr.pc=0x0000016ea4503df8 relative=0x0000000000000bf8
Event: 27.556 Thread 0x0000016ef91e0d70 Uncommon trap: reason=unstable_if action=reinterpret pc=0x0000016ea4503df8 method=java.util.concurrent.ConcurrentHashMap.putVal(Ljava/lang/Object;Ljava/lang/Object;Z)Ljava/lang/Object; @ 245 c2
Event: 27.556 Thread 0x0000016ef91e0d70 DEOPT PACKING pc=0x0000016ea4503df8 sp=0x000000647ccfe4c0
Event: 27.556 Thread 0x0000016ef91e0d70 DEOPT UNPACKING pc=0x0000016ea3cd3aa2 sp=0x000000647ccfe458 mode 2
Event: 27.629 Thread 0x0000016ef91e06e0 Uncommon trap: trap_request=0xffffff45 fr.pc=0x0000016ea44395fc relative=0x00000000000009fc
Event: 27.629 Thread 0x0000016ef91e06e0 Uncommon trap: reason=unstable_if action=reinterpret pc=0x0000016ea44395fc method=org.eclipse.jdt.internal.core.index.DiskIndex.readStreamChars(Ljava/io/InputStream;)[C @ 1 c2
Event: 27.629 Thread 0x0000016ef91e06e0 DEOPT PACKING pc=0x0000016ea44395fc sp=0x000000647cafe9e0
Event: 27.629 Thread 0x0000016ef91e06e0 DEOPT UNPACKING pc=0x0000016ea3cd3aa2 sp=0x000000647cafe958 mode 2

Classes loaded (20 events):
Event: 21.498 Loading class java/util/stream/ReduceOps$4ReducingSink
Event: 21.500 Loading class java/util/stream/ReduceOps$4ReducingSink done
Event: 23.011 Loading class java/util/LinkedList$LLSpliterator
Event: 23.142 Loading class java/util/LinkedList$LLSpliterator done
Event: 23.750 Loading class javax/xml/transform/TransformerConfigurationException
Event: 23.752 Loading class javax/xml/transform/TransformerConfigurationException done
Event: 23.839 Loading class java/util/stream/ReferencePipeline$4
Event: 23.842 Loading class java/util/stream/ReferencePipeline$4 done
Event: 23.849 Loading class java/util/stream/Nodes$IntFixedNodeBuilder
Event: 23.851 Loading class java/util/stream/Node$Builder$OfInt
Event: 23.853 Loading class java/util/stream/Node$Builder$OfInt done
Event: 23.853 Loading class java/util/stream/Nodes$IntArrayNode
Event: 23.853 Loading class java/util/stream/Nodes$IntArrayNode done
Event: 23.854 Loading class java/util/stream/Nodes$IntFixedNodeBuilder done
Event: 23.854 Loading class java/util/stream/ReferencePipeline$4$1
Event: 23.855 Loading class java/util/stream/ReferencePipeline$4$1 done
Event: 26.865 Loading class java/util/Hashtable$KeySet
Event: 26.867 Loading class java/util/Hashtable$KeySet done
Event: 27.567 Loading class java/lang/StringLatin1$CharsSpliterator
Event: 27.571 Loading class java/lang/StringLatin1$CharsSpliterator done

Classes unloaded (14 events):
Event: 10.647 Thread 0x0000016e99612d10 Unloading class 0x0000016eb11b1400 'java/lang/invoke/LambdaForm$MH+0x0000016eb11b1400'
Event: 10.647 Thread 0x0000016e99612d10 Unloading class 0x0000016eb11b1000 'java/lang/invoke/LambdaForm$MH+0x0000016eb11b1000'
Event: 10.647 Thread 0x0000016e99612d10 Unloading class 0x0000016eb11b0c00 'java/lang/invoke/LambdaForm$MH+0x0000016eb11b0c00'
Event: 10.647 Thread 0x0000016e99612d10 Unloading class 0x0000016eb11b0800 'java/lang/invoke/LambdaForm$MH+0x0000016eb11b0800'
Event: 10.647 Thread 0x0000016e99612d10 Unloading class 0x0000016eb11b0400 'java/lang/invoke/LambdaForm$BMH+0x0000016eb11b0400'
Event: 10.647 Thread 0x0000016e99612d10 Unloading class 0x0000016eb11b0000 'java/lang/invoke/LambdaForm$DMH+0x0000016eb11b0000'
Event: 10.647 Thread 0x0000016e99612d10 Unloading class 0x0000016eb11aec00 'java/lang/invoke/LambdaForm$DMH+0x0000016eb11aec00'
Event: 13.388 Thread 0x0000016e99612d10 Unloading class 0x0000016eb12e9800 'java/lang/invoke/LambdaForm$MH+0x0000016eb12e9800'
Event: 13.388 Thread 0x0000016e99612d10 Unloading class 0x0000016eb12e8c00 'java/lang/invoke/LambdaForm$MH+0x0000016eb12e8c00'
Event: 13.388 Thread 0x0000016e99612d10 Unloading class 0x0000016eb12e8000 'java/lang/invoke/LambdaForm$DMH+0x0000016eb12e8000'
Event: 25.878 Thread 0x0000016e99612d10 Unloading class 0x0000016eb16a1800 'java/lang/invoke/LambdaForm$MH+0x0000016eb16a1800'
Event: 25.878 Thread 0x0000016e99612d10 Unloading class 0x0000016eb16a0c00 'java/lang/invoke/LambdaForm$MH+0x0000016eb16a0c00'
Event: 25.878 Thread 0x0000016e99612d10 Unloading class 0x0000016eb168dc00 'java/lang/invoke/LambdaForm$MH+0x0000016eb168dc00'
Event: 25.878 Thread 0x0000016e99612d10 Unloading class 0x0000016eb1678400 'java/lang/invoke/LambdaForm$DMH+0x0000016eb1678400'

Classes redefined (0 events):
No events

Internal exceptions (20 events):
Event: 27.174 Thread 0x0000016ef6c6f9b0 Exception <a 'sun/nio/fs/WindowsException'{0x00000000d6652288}> (0x00000000d6652288) 
thrown [s\src\hotspot\share\prims\jni.cpp, line 520]
Event: 27.175 Thread 0x0000016ef6c6f9b0 Exception <a 'sun/nio/fs/WindowsException'{0x00000000d6653180}> (0x00000000d6653180) 
thrown [s\src\hotspot\share\prims\jni.cpp, line 520]
Event: 27.175 Thread 0x0000016ef6c6f9b0 Exception <a 'sun/nio/fs/WindowsException'{0x00000000d6653890}> (0x00000000d6653890) 
thrown [s\src\hotspot\share\prims\jni.cpp, line 520]
Event: 27.404 Thread 0x0000016ef6c6f9b0 Exception <a 'java/io/FileNotFoundException'{0x00000000d67986a0}> (0x00000000d67986a0) 
thrown [s\src\hotspot\share\prims\jni.cpp, line 520]
Event: 27.404 Thread 0x0000016ef6c6f9b0 Exception <a 'java/io/FileNotFoundException'{0x00000000d6799400}> (0x00000000d6799400) 
thrown [s\src\hotspot\share\prims\jni.cpp, line 520]
Event: 27.416 Thread 0x0000016ef6c6f9b0 Exception <a 'sun/nio/fs/WindowsException'{0x00000000d6825698}> (0x00000000d6825698) 
thrown [s\src\hotspot\share\prims\jni.cpp, line 520]
Event: 27.416 Thread 0x0000016ef6c6f9b0 Exception <a 'sun/nio/fs/WindowsException'{0x00000000d6825da8}> (0x00000000d6825da8) 
thrown [s\src\hotspot\share\prims\jni.cpp, line 520]
Event: 27.417 Thread 0x0000016ef6c6f9b0 Exception <a 'sun/nio/fs/WindowsException'{0x00000000d6826c78}> (0x00000000d6826c78) 
thrown [s\src\hotspot\share\prims\jni.cpp, line 520]
Event: 27.417 Thread 0x0000016ef6c6f9b0 Exception <a 'sun/nio/fs/WindowsException'{0x00000000d6827388}> (0x00000000d6827388) 
thrown [s\src\hotspot\share\prims\jni.cpp, line 520]
Event: 27.468 Thread 0x0000016ef91e0d70 Exception <a 'sun/nio/fs/WindowsException'{0x00000000d55cb8e0}> (0x00000000d55cb8e0) 
thrown [s\src\hotspot\share\prims\jni.cpp, line 520]
Event: 27.535 Thread 0x0000016ef91e0d70 Exception <a 'sun/nio/fs/WindowsException'{0x00000000d5a654b8}> (0x00000000d5a654b8) 
thrown [s\src\hotspot\share\prims\jni.cpp, line 520]
Event: 27.536 Thread 0x0000016ef91e0d70 Exception <a 'sun/nio/fs/WindowsException'{0x00000000d5a66678}> (0x00000000d5a66678) 
thrown [s\src\hotspot\share\prims\jni.cpp, line 520]
Event: 27.537 Thread 0x0000016ef91e0d70 Exception <a 'sun/nio/fs/WindowsException'{0x00000000d5a67038}> (0x00000000d5a67038) 
thrown [s\src\hotspot\share\prims\jni.cpp, line 520]
Event: 27.537 Thread 0x0000016ef91e0d70 Exception <a 'sun/nio/fs/WindowsException'{0x00000000d5a688e8}> (0x00000000d5a688e8) 
thrown [s\src\hotspot\share\prims\jni.cpp, line 520]
Event: 27.538 Thread 0x0000016ef91e0d70 Exception <a 'sun/nio/fs/WindowsException'{0x00000000d5a692a8}> (0x00000000d5a692a8) 
thrown [s\src\hotspot\share\prims\jni.cpp, line 520]
Event: 27.538 Thread 0x0000016ef91e0d70 Exception <a 'sun/nio/fs/WindowsException'{0x00000000d5a6a428}> (0x00000000d5a6a428) 
thrown [s\src\hotspot\share\prims\jni.cpp, line 520]
Event: 27.539 Thread 0x0000016ef91e0d70 Exception <a 'sun/nio/fs/WindowsException'{0x00000000d5a6ab38}> (0x00000000d5a6ab38) 
thrown [s\src\hotspot\share\prims\jni.cpp, line 520]
Event: 27.560 Thread 0x0000016ef6c70040 Exception <a 'java/io/FileNotFoundException'{0x00000000d5b8fab0}> (0x00000000d5b8fab0) 
thrown [s\src\hotspot\share\prims\jni.cpp, line 520]
Event: 27.560 Thread 0x0000016ef6c70040 Exception <a 'java/io/FileNotFoundException'{0x00000000d5bcaf90}> (0x00000000d5bcaf90) 
thrown [s\src\hotspot\share\prims\jni.cpp, line 520]
Event: 27.561 Thread 0x0000016ef6c70040 Exception <a 'java/io/FileNotFoundException'{0x00000000d5bcbce8}> (0x00000000d5bcbce8) 
thrown [s\src\hotspot\share\prims\jni.cpp, line 520]

ZGC Phase Switch (0 events):
No events

VM Operations (20 events):
Event: 23.721 Executing VM operation: ICBufferFull
Event: 23.721 Executing VM operation: ICBufferFull done
Event: 23.875 Executing VM operation: HandshakeAllThreads (Deoptimize)
Event: 23.878 Executing VM operation: HandshakeAllThreads (Deoptimize) done
Event: 23.883 Executing VM operation: HandshakeAllThreads (Deoptimize)
Event: 23.891 Executing VM operation: HandshakeAllThreads (Deoptimize) done
Event: 24.040 Executing VM operation: ParallelGCFailedAllocation (Allocation Failure)
Event: 24.128 Executing VM operation: ParallelGCFailedAllocation (Allocation Failure) done
Event: 24.288 Executing VM operation: HandshakeAllThreads (Deoptimize)
Event: 24.292 Executing VM operation: HandshakeAllThreads (Deoptimize) done
Event: 25.292 Executing VM operation: Cleanup
Event: 25.326 Executing VM operation: Cleanup done
Event: 25.740 Executing VM operation: CollectForMetadataAllocation (Metadata GC Threshold)
Event: 26.258 Executing VM operation: CollectForMetadataAllocation (Metadata GC Threshold) done
Event: 27.258 Executing VM operation: Cleanup
Event: 27.289 Executing VM operation: Cleanup done
Event: 27.421 Executing VM operation: ParallelGCFailedAllocation (Allocation Failure)
Event: 27.443 Executing VM operation: ParallelGCFailedAllocation (Allocation Failure) done
Event: 27.549 Executing VM operation: HandshakeAllThreads (Deoptimize)
Event: 27.556 Executing VM operation: HandshakeAllThreads (Deoptimize) done

Memory protections (0 events):
No events

Nmethod flushes (20 events):
Event: 25.909 Thread 0x0000016e99612d10 flushing  nmethod 0x0000016e9cfc5210
Event: 25.909 Thread 0x0000016e99612d10 flushing  nmethod 0x0000016e9cfc6010
Event: 25.909 Thread 0x0000016e99612d10 flushing  nmethod 0x0000016e9cfc6490
Event: 25.909 Thread 0x0000016e99612d10 flushing  nmethod 0x0000016e9cfcec90
Event: 25.909 Thread 0x0000016e99612d10 flushing  nmethod 0x0000016e9cfcfe90
Event: 25.909 Thread 0x0000016e99612d10 flushing  nmethod 0x0000016e9cfd1090
Event: 25.909 Thread 0x0000016e99612d10 flushing  nmethod 0x0000016e9cfd1f90
Event: 25.909 Thread 0x0000016e99612d10 flushing  nmethod 0x0000016e9cfd2890
Event: 25.909 Thread 0x0000016e99612d10 flushing  nmethod 0x0000016e9cfd2c10
Event: 25.909 Thread 0x0000016e99612d10 flushing  nmethod 0x0000016e9cfd3090
Event: 25.909 Thread 0x0000016e99612d10 flushing  nmethod 0x0000016e9cfd3590
Event: 25.909 Thread 0x0000016e99612d10 flushing  nmethod 0x0000016e9cfd4f90
Event: 25.909 Thread 0x0000016e99612d10 flushing  nmethod 0x0000016e9cfd5490
Event: 25.909 Thread 0x0000016e99612d10 flushing  nmethod 0x0000016e9cfd6190
Event: 25.909 Thread 0x0000016e99612d10 flushing  nmethod 0x0000016e9cfdfa10
Event: 25.909 Thread 0x0000016e99612d10 flushing  nmethod 0x0000016e9cfe3e90
Event: 25.909 Thread 0x0000016e99612d10 flushing  nmethod 0x0000016e9cffd490
Event: 25.909 Thread 0x0000016e99612d10 flushing  nmethod 0x0000016e9cffd990
Event: 25.909 Thread 0x0000016e99612d10 flushing  nmethod 0x0000016e9d00c210
Event: 25.909 Thread 0x0000016e99612d10 flushing  nmethod 0x0000016e9d00e810

Events (20 events):
Event: 8.020 Thread 0x0000016ef62f36e0 Thread added: 0x0000016ef61223d0
Event: 9.525 Thread 0x0000016ef62f36e0 Thread added: 0x0000016ef1dbca90
Event: 9.605 Thread 0x0000016ef62f36e0 Thread added: 0x0000016ef6c6f9b0
Event: 9.644 Thread 0x0000016ef62f36e0 Thread added: 0x0000016ef6c6f320
Event: 10.864 Thread 0x0000016ef6c6f9b0 Thread added: 0x0000016ef6c70040
Event: 11.921 Thread 0x0000016ef6c6f9b0 Thread added: 0x0000016ef6c706d0
Event: 12.578 Thread 0x0000016ef62f36e0 Thread added: 0x0000016ef6c70d60
Event: 13.303 Thread 0x0000016ef6c706d0 Thread added: 0x0000016ef6c713f0
Event: 13.532 Thread 0x0000016ef6c713f0 Thread added: 0x0000016ef6c6df70
Event: 13.591 Thread 0x0000016e973b5000 Thread added: 0x0000016ef6c6ec90
Event: 13.591 Thread 0x0000016e973b5000 Thread added: 0x0000016ef6c6e600
Event: 13.591 Thread 0x0000016e973b5000 Thread added: 0x0000016ef91e0050
Event: 13.592 Thread 0x0000016e973b5000 Thread added: 0x0000016ef91e4880
Event: 13.593 Thread 0x0000016e973b5000 Thread added: 0x0000016ef91df330
Event: 13.645 Thread 0x0000016e973b5000 Thread added: 0x0000016ef91df9c0
Event: 13.999 Thread 0x0000016e973b5000 Thread added: 0x0000016ef91e34d0
Event: 14.000 Thread 0x0000016e973b5000 Thread added: 0x0000016ef91e27b0
Event: 15.578 Thread 0x0000016ef6c6f9b0 Thread added: 0x0000016ef91e06e0
Event: 15.579 Thread 0x0000016ef91e06e0 Thread added: 0x0000016ef91e1a90
Event: 15.584 Thread 0x0000016ef91e1a90 Thread added: 0x0000016ef91e0d70


Dynamic libraries:
0x00007ff7df670000 - 0x00007ff7df67e000 	c:\Users\HP\.vscode\extensions\redhat.java-1.47.0-win32-x64\jre\21.0.8-win32-x86_64\bin\java.exe
0x00007ffada430000 - 0x00007ffada628000 	C:\WINDOWS\SYSTEM32\ntdll.dll
0x00007ffad9390000 - 0x00007ffad9452000 	C:\WINDOWS\System32\KERNEL32.DLL
0x00007ffad7c90000 - 0x00007ffad7f86000 	C:\WINDOWS\System32\KERNELBASE.dll
0x00007ffad7fc0000 - 0x00007ffad80c0000 	C:\WINDOWS\System32\ucrtbase.dll
0x00007ffad3d20000 - 0x00007ffad3d38000 	c:\Users\HP\.vscode\extensions\redhat.java-1.47.0-win32-x64\jre\21.0.8-win32-x86_64\bin\jli.dll
0x00007ffabf410000 - 0x00007ffabf42e000 	c:\Users\HP\.vscode\extensions\redhat.java-1.47.0-win32-x64\jre\21.0.8-win32-x86_64\bin\VCRUNTIME140.dll
0x00007ffad8460000 - 0x00007ffad8601000 	C:\WINDOWS\System32\USER32.dll
0x00007ffad83d0000 - 0x00007ffad83f2000 	C:\WINDOWS\System32\win32u.dll
0x00007ffaccc50000 - 0x00007ffacceeb000 	C:\WINDOWS\WinSxS\amd64_microsoft.windows.common-controls_6595b64144ccf1df_6.0.19041.6456_none_60b8a6cb71f64256\COMCTL32.dll
0x00007ffad9e70000 - 0x00007ffad9e9b000 	C:\WINDOWS\System32\GDI32.dll
0x00007ffad7b70000 - 0x00007ffad7c89000 	C:\WINDOWS\System32\gdi32full.dll
0x00007ffada090000 - 0x00007ffada12e000 	C:\WINDOWS\System32\msvcrt.dll
0x00007ffad8330000 - 0x00007ffad83cd000 	C:\WINDOWS\System32\msvcp_win.dll
0x00007ffada3c0000 - 0x00007ffada3ef000 	C:\WINDOWS\System32\IMM32.DLL
0x00007ffad0c00000 - 0x00007ffad0c0c000 	c:\Users\HP\.vscode\extensions\redhat.java-1.47.0-win32-x64\jre\21.0.8-win32-x86_64\bin\vcruntime140_1.dll
0x00007ffaaed70000 - 0x00007ffaaedfd000 	c:\Users\HP\.vscode\extensions\redhat.java-1.47.0-win32-x64\jre\21.0.8-win32-x86_64\bin\msvcp140.dll
0x00007ffa59f50000 - 0x00007ffa5ace7000 	c:\Users\HP\.vscode\extensions\redhat.java-1.47.0-win32-x64\jre\21.0.8-win32-x86_64\bin\server\jvm.dll
0x00007ffad8d20000 - 0x00007ffad8dd1000 	C:\WINDOWS\System32\ADVAPI32.dll
0x00007ffad9fd0000 - 0x00007ffada06f000 	C:\WINDOWS\System32\sechost.dll
0x00007ffad8de0000 - 0x00007ffad8f00000 	C:\WINDOWS\System32\RPCRT4.dll
0x00007ffad7f90000 - 0x00007ffad7fb7000 	C:\WINDOWS\System32\bcrypt.dll
0x00007ffad9f00000 - 0x00007ffad9f6b000 	C:\WINDOWS\System32\WS2_32.dll
0x00007ffad7920000 - 0x00007ffad796b000 	C:\WINDOWS\SYSTEM32\POWRPROF.dll
0x00007ffac9910000 - 0x00007ffac9937000 	C:\WINDOWS\SYSTEM32\WINMM.dll
0x00007ffad0490000 - 0x00007ffad049a000 	C:\WINDOWS\SYSTEM32\VERSION.dll
0x00007ffad7900000 - 0x00007ffad7912000 	C:\WINDOWS\SYSTEM32\UMPDC.dll
0x00007ffad6300000 - 0x00007ffad6312000 	C:\WINDOWS\SYSTEM32\kernel.appcore.dll
0x00007ffacfc90000 - 0x00007ffacfc9a000 	c:\Users\HP\.vscode\extensions\redhat.java-1.47.0-win32-x64\jre\21.0.8-win32-x86_64\bin\jimage.dll
0x00007ffad57d0000 - 0x00007ffad59d1000 	C:\WINDOWS\SYSTEM32\DBGHELP.DLL
0x00007ffab5890000 - 0x00007ffab58c4000 	C:\WINDOWS\SYSTEM32\dbgcore.DLL
0x00007ffad80c0000 - 0x00007ffad8142000 	C:\WINDOWS\System32\bcryptPrimitives.dll
0x00007ffacdfa0000 - 0x00007ffacdfaf000 	c:\Users\HP\.vscode\extensions\redhat.java-1.47.0-win32-x64\jre\21.0.8-win32-x86_64\bin\instrument.dll
0x00007ffabf360000 - 0x00007ffabf37f000 	c:\Users\HP\.vscode\extensions\redhat.java-1.47.0-win32-x64\jre\21.0.8-win32-x86_64\bin\java.dll
0x00007ffad9700000 - 0x00007ffad9e70000 	C:\WINDOWS\System32\SHELL32.dll
0x00007ffad5a10000 - 0x00007ffad61b5000 	C:\WINDOWS\SYSTEM32\windows.storage.dll
0x00007ffad9030000 - 0x00007ffad9384000 	C:\WINDOWS\System32\combase.dll
0x00007ffad7410000 - 0x00007ffad743b000 	C:\WINDOWS\SYSTEM32\Wldp.dll
0x00007ffada2f0000 - 0x00007ffada3bd000 	C:\WINDOWS\System32\OLEAUT32.dll
0x00007ffad8c70000 - 0x00007ffad8d1d000 	C:\WINDOWS\System32\SHCORE.dll
0x00007ffad9ea0000 - 0x00007ffad9efb000 	C:\WINDOWS\System32\shlwapi.dll
0x00007ffad79f0000 - 0x00007ffad7a14000 	C:\WINDOWS\SYSTEM32\profapi.dll
0x00007ffabdb30000 - 0x00007ffabdb48000 	c:\Users\HP\.vscode\extensions\redhat.java-1.47.0-win32-x64\jre\21.0.8-win32-x86_64\bin\zip.dll
0x00007ffacde10000 - 0x00007ffacde20000 	C:\Users\HP\.vscode\extensions\redhat.java-1.47.0-win32-x64\jre\21.0.8-win32-x86_64\bin\net.dll
0x00007ffacda30000 - 0x00007ffacdb3a000 	C:\WINDOWS\SYSTEM32\WINHTTP.dll
0x00007ffad7170000 - 0x00007ffad71da000 	C:\WINDOWS\system32\mswsock.dll
0x00007ffabdb10000 - 0x00007ffabdb26000 	C:\Users\HP\.vscode\extensions\redhat.java-1.47.0-win32-x64\jre\21.0.8-win32-x86_64\bin\nio.dll
0x00007ffacdd50000 - 0x00007ffacdd60000 	c:\Users\HP\.vscode\extensions\redhat.java-1.47.0-win32-x64\jre\21.0.8-win32-x86_64\bin\verify.dll
0x00007ffaaee70000 - 0x00007ffaaeeb4000 	C:\Users\HP\AppData\Roaming\Code\User\globalStorage\redhat.java\1.47.0\config_win\org.eclipse.equinox.launcher\org.eclipse.equinox.launcher.win32.win32.x86_64_1.2.1400.v20250801-0854\eclipse_11916.dll
0x00007ffad8f00000 - 0x00007ffad902b000 	C:\WINDOWS\System32\ole32.dll
0x00007ffad7370000 - 0x00007ffad7388000 	C:\WINDOWS\SYSTEM32\CRYPTSP.dll
0x00007ffad6a90000 - 0x00007ffad6ac8000 	C:\WINDOWS\system32\rsaenh.dll
0x00007ffad7970000 - 0x00007ffad799e000 	C:\WINDOWS\SYSTEM32\USERENV.dll
0x00007ffad7360000 - 0x00007ffad736c000 	C:\WINDOWS\SYSTEM32\CRYPTBASE.dll
0x00007ffad6e50000 - 0x00007ffad6e8b000 	C:\WINDOWS\SYSTEM32\IPHLPAPI.DLL
0x00007ffada250000 - 0x00007ffada258000 	C:\WINDOWS\System32\NSI.dll
0x00007ffaae500000 - 0x00007ffaae549000 	C:\Users\HP\AppData\Local\Temp\jna-2312\jna626217304573484818.dll
0x00007ffad9670000 - 0x00007ffad9678000 	C:\WINDOWS\System32\PSAPI.DLL
0x00007fface2f0000 - 0x00007fface307000 	C:\WINDOWS\SYSTEM32\dhcpcsvc6.DLL
0x00007fface2d0000 - 0x00007fface2ed000 	C:\WINDOWS\SYSTEM32\dhcpcsvc.DLL

JVMTI agents:
c:\Users\HP\.vscode\extensions\redhat.java-1.47.0-win32-x64\lombok\lombok-1.18.39-4050.jar path:c:\Users\HP\.vscode\extensions\redhat.java-1.47.0-win32-x64\jre\21.0.8-win32-x86_64\bin\instrument.dll, loaded, initialized, instrumentlib options:none

dbghelp: loaded successfully - version: 4.0.5 - missing functions: none
symbol engine: initialized successfully - sym options: 0x614 - pdb path: .;c:\Users\HP\.vscode\extensions\redhat.java-1.47.0-win32-x64\jre\21.0.8-win32-x86_64\bin;C:\WINDOWS\SYSTEM32;C:\WINDOWS\WinSxS\amd64_microsoft.windows.common-controls_6595b64144ccf1df_6.0.19041.6456_none_60b8a6cb71f64256;c:\Users\HP\.vscode\extensions\redhat.java-1.47.0-win32-x64\jre\21.0.8-win32-x86_64\bin\server;C:\Users\HP\AppData\Roaming\Code\User\globalStorage\redhat.java\1.47.0\config_win\org.eclipse.equinox.launcher\org.eclipse.equinox.launcher.win32.win32.x86_64_1.2.1400.v20250801-0854;C:\Users\HP\AppData\Local\Temp\jna-2312

VM Arguments:
jvm_args: --add-modules=ALL-SYSTEM --add-opens=java.base/java.util=ALL-UNNAMED --add-opens=java.base/java.lang=ALL-UNNAMED --add-opens=java.base/sun.nio.fs=ALL-UNNAMED -Declipse.application=org.eclipse.jdt.ls.core.id1 -Dosgi.bundles.defaultStartLevel=4 -Declipse.product=org.eclipse.jdt.ls.core.product -Djava.import.generatesMetadataFilesAtProjectRoot=false -DDetectVMInstallationsJob.disabled=true -Dfile.encoding=utf8 -XX:+UseParallelGC -XX:GCTimeRatio=4 -XX:AdaptiveSizePolicyWeight=90 -Dsun.zip.disableMemoryMapping=true -Xmx2G -Xms100m -Xlog:disable -javaagent:c:\Users\HP\.vscode\extensions\redhat.java-1.47.0-win32-x64\lombok\lombok-1.18.39-4050.jar -XX:+HeapDumpOnOutOfMemoryError -XX:HeapDumpPath=c:\Users\HP\AppData\Roaming\Code\User\workspaceStorage\d98c0d1450126d51082f98a542d2a82e\redhat.java -Daether.dependencyCollector.impl=bf 
java_command: c:\Users\HP\.vscode\extensions\redhat.java-1.47.0-win32-x64\server\plugins\org.eclipse.equinox.launcher_1.7.100.v20251014-1222.jar -configuration c:\Users\HP\AppData\Roaming\Code\User\globalStorage\redhat.java\1.47.0\config_win -data c:\Users\HP\AppData\Roaming\Code\User\workspaceStorage\d98c0d1450126d51082f98a542d2a82e\redhat.java\jdt_ws --pipe=\\.\pipe\lsp-516a0b29135e1b86087e2af5443ea0ca-sock
java_class_path (initial): c:\Users\HP\.vscode\extensions\redhat.java-1.47.0-win32-x64\server\plugins\org.eclipse.equinox.launcher_1.7.100.v20251014-1222.jar
Launcher Type: SUN_STANDARD

[Global flags]
    uintx AdaptiveSizePolicyWeight                 = 90                                        {product} {command line}
     intx CICompilerCount                          = 3                                         {product} {ergonomic}
    uintx GCTimeRatio                              = 4                                         {product} {command line}
     bool HeapDumpOnOutOfMemoryError               = true                                   {manageable} {command line}
    ccstr HeapDumpPath                             = c:\Users\HP\AppData\Roaming\Code\User\workspaceStorage\d98c0d1450126d51082f98a542d2a82e\redhat.java         {manageable} {command line}
   size_t InitialHeapSize                          = 104857600                                 {product} {command line}
   size_t MaxHeapSize                              = 2147483648                                {product} {command line}
   size_t MaxNewSize                               = 715653120                                 {product} {ergonomic}
   size_t MinHeapDeltaBytes                        = 524288                                    {product} {ergonomic}
   size_t MinHeapSize                              = 104857600                                 {product} {command line}
   size_t NewSize                                  = 34603008                                  {product} {ergonomic}
    uintx NonNMethodCodeHeapSize                   = 5832780                                {pd product} {ergonomic}
    uintx NonProfiledCodeHeapSize                  = 122912730                              {pd product} {ergonomic}
   size_t OldSize                                  = 70254592                                  {product} {ergonomic}
    uintx ProfiledCodeHeapSize                     = 122912730                              {pd product} {ergonomic}
    uintx ReservedCodeCacheSize                    = 251658240                              {pd product} {ergonomic}
     bool SegmentedCodeCache                       = true                                      {product} {ergonomic}
   size_t SoftMaxHeapSize                          = 2147483648                             {manageable} {ergonomic}
     bool UseCompressedOops                        = true                           {product lp64_product} {ergonomic}
     bool UseLargePagesIndividualAllocation        = false                                  {pd product} {ergonomic}
     bool UseParallelGC                            = true                                      {product} {command line}

Logging:
Log output configuration:
 #0: stdout all=off uptime,level,tags foldmultilines=false
 #1: stderr all=off uptime,level,tags foldmultilines=false

Environment Variables:
PATH=C:\Program Files\Common Files\Oracle\Java\javapath;C:\Program Files\Eclipse Adoptium\jdk-21.0.8.9-hotspot\bin;C:\Program Files (x86)\VMware\VMware Workstation\bin\;C:\Program Files (x86)\Common Files\Intel\Shared Libraries\redist\intel64\compiler;C:\WINDOWS\system32;C:\WINDOWS;C:\WINDOWS\System32\Wbem;C:\WINDOWS\System32\WindowsPowerShell\v1.0\;C:\WINDOWS\System32\OpenSSH\;C:\Program Files\Git\cmd;C:\Program Files\GitHub CLI\;C:\Users\HP\AppData\Local\Microsoft\WindowsApps;C:\Users\HP\AppData\Local\Programs\Microsoft VS Code\bin
USERNAME=HP
OS=Windows_NT
PROCESSOR_IDENTIFIER=Intel64 Family 6 Model 78 Stepping 3, GenuineIntel
TMP=C:\Users\HP\AppData\Local\Temp
TEMP=C:\Users\HP\AppData\Local\Temp




Periodic native trim disabled

---------------  S Y S T E M  ---------------

OS:
 Windows 10 , 64 bit Build 19041 (10.0.19041.5915)
OS uptime: 6 days 17:50 hours

CPU: total 4 (initial active 4) (2 cores per cpu, 2 threads per core) family 6 model 78 stepping 3 microcode 0xcc, cx8, cmov, fxsr, ht, mmx, 3dnowpref, sse, sse2, sse3, ssse3, sse4.1, sse4.2, popcnt, lzcnt, tsc, tscinvbit, avx, avx2, aes, erms, clmul, bmi1, bmi2, adx, fma, vzeroupper, clflush, clflushopt, rdtscp, f16c
Processor Information for the first 4 processors :
  Max Mhz: 2000, Current Mhz: 1900, Mhz Limit: 1900

Memory: 4k page, system-wide physical 3987M (184M free)
TotalPageFile size 16275M (AvailPageFile size 5M)
current process WorkingSet (physical memory assigned to process): 199M, peak: 230M
current process commit charge ("private bytes"): 342M, peak: 346M

vm_info: OpenJDK 64-Bit Server VM (21.0.8+9-LTS) for windows-amd64 JRE (21.0.8+9-LTS), built on 2025-07-15T00:00:00Z by "admin" with MS VC++ 17.7 (VS2022)

END.
